{
  "0 debug pnpm:scope": {
    "selected": 1
  },
  "1 error pnpm": {
    "code": "ELIFECYCLE",
    "errno": "ENOENT",
    "syscall": "spawn",
    "file": "sh",
    "pkgid": "hardhat-project@",
    "stage": "compile",
    "script": "hardhat compile",
    "pkgname": "hardhat-project",
    "err": {
      "name": "pnpm",
      "message": "hardhat-project@ compile: `hardhat compile`\nspawn ENOENT",
      "code": "ELIFECYCLE",
      "stack": "pnpm: hardhat-project@ compile: `hardhat compile`\nspawn ENOENT\n    at ChildProcess.<anonymous> (/Users/animcogn/pnpm-global/5/node_modules/.pnpm/pnpm@6.26.1/node_modules/pnpm/dist/pnpm.cjs:91958:22)\n    at ChildProcess.emit (node:events:390:28)\n    at maybeClose (node:internal/child_process:1064:16)\n    at Process.ChildProcess._handle.onexit (node:internal/child_process:301:5)"
    }
  },
  "2 warn pnpm:global": " Local package.json exists, but node_modules missing, did you mean to install?"
}